<?xml version="1.0" encoding="UTF-8"?>
<testsuite xmlns:xsi="http://www.w3.org/2001/XMLSchema-instance" xsi:noNamespaceSchemaLocation="https://maven.apache.org/surefire/maven-surefire-plugin/xsd/surefire-test-report-3.0.xsd" version="3.0" name="com.budgetms.ui.ValidationTest" time="0.02" tests="8" errors="0" skipped="0" failures="0">
  <properties>
[...]
</properties>
  <testcase name="addChild_allowsNestingWithinMaxDepth" classname="com.budgetms.ui.ValidationTest" time="0.005"/>
  <testcase name="requireNonBlank_rejectsBlank" classname="com.budgetms.ui.ValidationTest" time="0.002"/>
  <testcase name="requirePositiveNumber_returnsParsedValue" classname="com.budgetms.ui.ValidationTest" time="0.001"/>
  <testcase name="addChild_rejectsNestingBeyondMaxDepth" classname="com.budgetms.ui.ValidationTest" time="0.001"/>
  <testcase name="requirePositiveNumber_rejectsNonNumericText" classname="com.budgetms.ui.ValidationTest" time="0.001"/>
  <testcase name="requireNonBlank_rejectsNull" classname="com.budgetms.ui.ValidationTest" time="0.001"/>
  <testcase name="requireNonBlank_acceptsRealValue" classname="com.budgetms.ui.ValidationTest" time="0.001"/>
  <testcase name="requirePositiveNumber_rejectsNegativeValue" classname="com.budgetms.ui.ValidationTest" time="0.001"/>
</testsuite>